Determining if the pthread_create exist failed with the following output:
Change Dir: /home/parallels/ros/catkin_ws/build/CMakeFiles/CMakeTmp

Run Build Command:"/usr/bin/make" "cmTC_05132/fast"
/usr/bin/make -f CMakeFiles/cmTC_05132.dir/build.make CMakeFiles/cmTC_05132.dir/build
make[1]: Entering directory '/home/parallels/ros/catkin_ws/build/CMakeFiles/CMakeTmp'
Building C object CMakeFiles/cmTC_05132.dir/CheckSymbolExists.c.o
/usr/bin/cc    -o CMakeFiles/cmTC_05132.dir/CheckSymbolExists.c.o   -c /home/parallels/ros/catkin_ws/build/CMakeFiles/CMakeTmp/CheckSymbolExists.c
Linking C executable cmTC_05132
/home/parallels/cmake-3.9.5-Linux-x86_64/bin/cmake -E cmake_link_script CMakeFiles/cmTC_05132.dir/link.txt --verbose=1
/usr/bin/cc      -rdynamic CMakeFiles/cmTC_05132.dir/CheckSymbolExists.c.o  -o cmTC_05132 
CMakeFiles/cmTC_05132.dir/CheckSymbolExists.c.o: In function `main':
CheckSymbolExists.c:(.text+0x16): undefined reference to `pthread_create'
collect2: error: ld returned 1 exit status
CMakeFiles/cmTC_05132.dir/build.make:97: recipe for target 'cmTC_05132' failed
make[1]: *** [cmTC_05132] Error 1
make[1]: Leaving directory '/home/parallels/ros/catkin_ws/build/CMakeFiles/CMakeTmp'
Makefile:126: recipe for target 'cmTC_05132/fast' failed
make: *** [cmTC_05132/fast] Error 2

File /home/parallels/ros/catkin_ws/build/CMakeFiles/CMakeTmp/CheckSymbolExists.c:
/* */
#include <pthread.h>

int main(int argc, char** argv)
{
  (void)argv;
#ifndef pthread_create
  return ((int*)(&pthread_create))[argc];
#else
  (void)argc;
  return 0;
#endif
}

Determining if the function pthread_create exists in the pthreads failed with the following output:
Change Dir: /home/parallels/ros/catkin_ws/build/CMakeFiles/CMakeTmp

Run Build Command:"/usr/bin/make" "cmTC_829d1/fast"
/usr/bin/make -f CMakeFiles/cmTC_829d1.dir/build.make CMakeFiles/cmTC_829d1.dir/build
make[1]: Entering directory '/home/parallels/ros/catkin_ws/build/CMakeFiles/CMakeTmp'
Building C object CMakeFiles/cmTC_829d1.dir/CheckFunctionExists.c.o
/usr/bin/cc   -DCHECK_FUNCTION_EXISTS=pthread_create   -o CMakeFiles/cmTC_829d1.dir/CheckFunctionExists.c.o   -c /home/parallels/cmake-3.9.5-Linux-x86_64/share/cmake-3.9/Modules/CheckFunctionExists.c
Linking C executable cmTC_829d1
/home/parallels/cmake-3.9.5-Linux-x86_64/bin/cmake -E cmake_link_script CMakeFiles/cmTC_829d1.dir/link.txt --verbose=1
/usr/bin/cc  -DCHECK_FUNCTION_EXISTS=pthread_create    -rdynamic CMakeFiles/cmTC_829d1.dir/CheckFunctionExists.c.o  -o cmTC_829d1 -lpthreads 
/usr/bin/ld: cannot find -lpthreads
collect2: error: ld returned 1 exit status
CMakeFiles/cmTC_829d1.dir/build.make:97: recipe for target 'cmTC_829d1' failed
make[1]: *** [cmTC_829d1] Error 1
make[1]: Leaving directory '/home/parallels/ros/catkin_ws/build/CMakeFiles/CMakeTmp'
Makefile:126: recipe for target 'cmTC_829d1/fast' failed
make: *** [cmTC_829d1/fast] Error 2


